INFO     planner time limit: None
INFO     planner memory limit: None

INFO     Running translator.
INFO     translator stdin: None
INFO     translator time limit: None
INFO     translator memory limit: None
INFO     translator command line string: /opt/homebrew/Caskroom/miniconda/base/bin/python3 /Users/albertopozancolancho/Desktop/planning-project/keren_grd/src/3rdparty/downward/builds/release/bin/translate/translate.py /Users/albertopozancolancho/Desktop/planning-project/keren_grd/domain_ALL.pddl /Users/albertopozancolancho/Desktop/planning-project/keren_grd/current_problem_2_0.pddl --sas-file output.sas
Parsing...
Parsing: [0.000s CPU, 0.001s wall-clock]
Normalizing task... [0.000s CPU, 0.000s wall-clock]
Instantiating...
Generating Datalog program... [0.000s CPU, 0.000s wall-clock]
Normalizing Datalog program...
Normalizing Datalog program: [0.010s CPU, 0.000s wall-clock]
Preparing model... [0.000s CPU, 0.000s wall-clock]
Generated 21 rules.
Computing model... [0.000s CPU, 0.001s wall-clock]
120 relevant atoms
75 auxiliary atoms
195 final queue length
308 total queue pushes
Completing instantiation... [0.000s CPU, 0.001s wall-clock]
Instantiating: [0.010s CPU, 0.002s wall-clock]
Computing fact groups...
Finding invariants...
10 initial candidates
Finding invariants: [0.000s CPU, 0.001s wall-clock]
Checking invariant weight... [0.000s CPU, 0.000s wall-clock]
Instantiating groups... [0.000s CPU, 0.000s wall-clock]
Collecting mutex groups... [0.000s CPU, 0.000s wall-clock]
Choosing groups...
6 uncovered facts
Choosing groups: [0.000s CPU, 0.000s wall-clock]
Building translation key... [0.000s CPU, 0.000s wall-clock]
Computing fact groups: [0.000s CPU, 0.002s wall-clock]
Building STRIPS to SAS dictionary... [0.000s CPU, 0.000s wall-clock]
Building dictionary for full mutex groups... [0.000s CPU, 0.000s wall-clock]
Building mutex information...
Building mutex information: [0.000s CPU, 0.000s wall-clock]
Translating task...
Processing axioms...
Simplifying axioms... [0.000s CPU, 0.000s wall-clock]
Translator axioms removed by simplifying: 0
Computing negative axioms... [0.000s CPU, 0.000s wall-clock]
Processing axioms: [0.000s CPU, 0.000s wall-clock]
Translating task: [0.000s CPU, 0.001s wall-clock]
69 effect conditions simplified
0 implied preconditions added
Detecting unreachable propositions...
Simplified to trivially false goal! Generating unsolvable task...
Detecting unreachable propositions: [0.000s CPU, 0.000s wall-clock]
Translator variables: 1
Translator derived variables: 0
Translator facts: 2
Translator goal facts: 1
Translator mutex groups: 0
Translator total mutex groups size: 0
Translator operators: 0
Translator axioms: 0
Translator task size: 4
warning: could not determine peak memory
Writing output... [0.000s CPU, 0.000s wall-clock]
Done! [0.010s CPU, 0.006s wall-clock]
translate exit code: 0

INFO     Running search (release).
INFO     search stdin: output.sas
INFO     search time limit: None
INFO     search memory limit: None
INFO     search command line string: /Users/albertopozancolancho/Desktop/planning-project/keren_grd/src/3rdparty/downward/builds/release/bin/downward --search 'astar(lmcut())' --internal-plan-file sas_plan < output.sas
[t=9.9959e-05s, 408500592 KB] reading input...
[t=0.000152125s, 408500592 KB] done reading input!
[t=0.000701542s, 408500592 KB] Initializing landmark cut heuristic...
[t=0.000713959s, 408500592 KB] Building successor generator...done!
[t=0.000723542s, 408500592 KB] peak memory difference for successor generator creation: 0 KB
[t=0.000727084s, 408500592 KB] time for successor generation creation: 1.25e-06s
[t=0.000731584s, 408500592 KB] Variables: 1
[t=0.000735084s, 408500592 KB] FactPairs: 2
[t=0.00073825s, 408500592 KB] Bytes per state: 4
[t=0.000748292s, 408500592 KB] Conducting best first search with reopening closed nodes, (real) bound = 2147483647
[t=0.000757625s, 408500592 KB] Initial state is a dead end.
[t=0.000760875s, 408500592 KB] Initial heuristic value for lmcut(): infinity
[t=0.000764417s, 408500592 KB] pruning method: none
[t=0.000768042s, 408500592 KB] Completely explored state space -- no solution!
[t=0.000782209s, 408500592 KB] Actual search time: 1.6041e-05s
[t=0.000785875s, 408500592 KB] Expanded 0 state(s).
[t=0.000785875s, 408500592 KB] Reopened 0 state(s).
[t=0.000785875s, 408500592 KB] Evaluated 1 state(s).
[t=0.000785875s, 408500592 KB] Evaluations: 1
[t=0.000785875s, 408500592 KB] Generated 0 state(s).
[t=0.000785875s, 408500592 KB] Dead ends: 0 state(s).
[t=0.000785875s, 408500592 KB] Number of registered states: 1
[t=0.000785875s, 408500592 KB] Int hash set load factor: 1/1 = 1
[t=0.000785875s, 408500592 KB] Int hash set resizes: 0
[t=0.000785875s, 408500592 KB] Search time: 3.7916e-05s
[t=0.000785875s, 408500592 KB] Total time: 0.000785875s
Search stopped without finding a solution.
Peak memory: 408500592 KB
Remove intermediate file output.sas
search exit code: 12

Driver aborting after search
INFO     Planner time: 0.03s
